2025-06-15 10:00:01.000 [12582] LOG:  database system was shut down at 2025-06-15 09:59:00.000
2025-06-15 10:00:05.000 [42529] LOG:  database system is ready to accept connections
2025-06-15 10:00:06.000 [55102] LOG:  autovacuum launcher started
2025-06-15 10:00:07.000 [10179] LOG:  automatic analyze of table "mydb.public.users"
2025-06-15 10:00:11.000 [53845] ERROR:  deadlock detected
2025-06-15 10:00:12.000 [15903] DETAIL:  Process 15832 waits for ShareLock on transaction 618105; blocked by process 17237.
2025-06-15 10:00:16.000 [14918] DETAIL:  Process 17237 waits for ShareLock on transaction 917392; blocked by process 15832.
2025-06-15 10:00:21.000 [57420] HINT:  See server log for query details.
2025-06-15 10:00:22.000 [39933] CONTEXT:  while updating tuple (103,17) in relation "users"
2025-06-15 10:00:24.000 [40426] LOG:  automatic analyze of table "mydb.public.users"
2025-06-15 10:00:24.000 [29042] ERROR:  deadlock detected
2025-06-15 10:00:29.000 [30493] DETAIL:  Process 63292 waits for ShareLock on transaction 477712; blocked by process 21449.
2025-06-15 10:00:34.000 [17595] DETAIL:  Process 21449 waits for ShareLock on transaction 546688; blocked by process 63292.
2025-06-15 10:00:34.000 [59689] HINT:  See server log for query details.
2025-06-15 10:00:35.000 [53473] CONTEXT:  while updating tuple (911,3) in relation "orders"
2025-06-15 10:00:37.000 [33430] LOG:  checkpoint starting: time
2025-06-15 10:00:42.000 [16091] LOG:  checkpoint complete: wrote 33686 buffers (89%); 5 WAL file(s) added
2025-06-15 10:00:44.000 [21984] WARNING:  checkpoints are occurring too frequently (38 seconds apart)
2025-06-15 10:00:47.000 [27814] FATAL:  sorry, too many clients already (max_connections=200)
2025-06-15 10:00:50.000 [52522] LOG:  connection received: host=10.0.197.177 port=61342
2025-06-15 10:00:50.000 [18684] LOG:  automatic analyze of table "mydb.public.events"
2025-06-15 10:00:50.000 [20446] LOG:  checkpoint starting: time
2025-06-15 10:00:53.000 [62577] LOG:  checkpoint complete: wrote 11796 buffers (63%); 10 WAL file(s) added
2025-06-15 10:00:58.000 [38715] WARNING:  checkpoints are occurring too frequently (51 seconds apart)
2025-06-15 10:01:00.000 [50065] WARNING:  replication lag is 224 seconds on standby server
2025-06-15 10:01:05.000 [64954] LOG:  standby "replica-1" is now 491 MB behind
2025-06-15 10:01:10.000 [18562] WARNING:  canceling statement due to conflict with recovery on standby
2025-06-15 10:01:10.000 106 [Note] InnoDB: Error: unable to create temporary file in /tmp; errno: 13
2025-06-15 10:01:10.000 17 [Note] [ERROR] InnoDB: Cannot allocate 579 MB for the buffer pool
2025-06-15 10:01:15.000 [44394] LOG:  duration: 46187.821 ms  statement: SELECT * FROM orders WHERE created_at > now() - interval '28 days'
2025-06-15 10:01:20.000 [47791] WARNING:  terminating statement due to statement_timeout after 46187ms
2025-06-15 10:01:22.000 [44019] LOG:  duration: 15.785 ms  statement: SELECT 1
2025-06-15 10:01:25.000 170 [Note] InnoDB: Error: unable to create temporary file in /tmp; errno: 28
2025-06-15 10:01:26.000 124 [Note] [ERROR] InnoDB: Cannot allocate 872 MB for the buffer pool
2025-06-15 10:01:29.000 [19742] PANIC:  could not write to file "pg_wal/ccb421ad101533a4": No space left on device
2025-06-15 10:01:33.000 [50167] LOG:  server process (PID 64986) was terminated by signal 6: Aborted
2025-06-15 10:01:33.000 [10763] LOG:  terminating any other active server processes
2025-06-15 10:01:34.000 [43132] LOG:  checkpoint starting: time
2025-06-15 10:01:34.000 [59245] LOG:  checkpoint complete: wrote 35755 buffers (73%); 3 WAL file(s) added
2025-06-15 10:01:36.000 [25787] WARNING:  checkpoints are occurring too frequently (46 seconds apart)
2025-06-15 10:01:40.000 [24595] PANIC:  could not write to file "pg_wal/4f4e3547c8c8e30c": No space left on device
2025-06-15 10:01:45.000 [34814] LOG:  server process (PID 46077) was terminated by signal 6: Aborted
2025-06-15 10:01:48.000 [63549] LOG:  terminating any other active server processes
2025-06-15 10:01:51.000 [62511] WARNING:  replication lag is 265 seconds on standby server
2025-06-15 10:01:51.000 [42666] LOG:  standby "replica-3" is now 279 MB behind
2025-06-15 10:01:54.000 [30713] WARNING:  canceling statement due to conflict with recovery on standby
2025-06-15 10:01:59.000 [52819] FATAL:  sorry, too many clients already (max_connections=200)
2025-06-15 10:02:02.000 [12348] LOG:  connection received: host=10.0.9.27 port=56439
2025-06-15 10:02:02.000 [61890] FATAL:  password authentication failed for user "app_user"
2025-06-15 10:02:06.000 [51781] DETAIL:  Connection matched pg_hba.conf line 99: "host all all 10.0.0.0/8 md5"
2025-06-15 10:02:11.000 [39898] LOG:  duration: 71628.311 ms  statement: SELECT * FROM sessions WHERE created_at > now() - interval '21 days'
2025-06-15 10:02:13.000 [33812] WARNING:  terminating statement due to statement_timeout after 71628ms
2025-06-15 10:02:15.000 [46710] LOG:  connection authorized: user=app database=analytics_db
2025-06-15 10:02:20.000 [53068] LOG:  duration: 39.584 ms  statement: SELECT 1
2025-06-15 10:02:20.000 [59762] PANIC:  could not write to file "pg_wal/ce2ad97390a2301d": No space left on device
2025-06-15 10:02:21.000 [10143] LOG:  server process (PID 53182) was terminated by signal 6: Aborted
2025-06-15 10:02:23.000 [33274] LOG:  terminating any other active server processes
2025-06-15 10:02:28.000 [16967] LOG:  connection authorized: user=analytics database=analytics_db
2025-06-15 10:02:29.000 [63860] ERROR:  deadlock detected
2025-06-15 10:02:34.000 [57288] DETAIL:  Process 20758 waits for ShareLock on transaction 851678; blocked by process 42271.
2025-06-15 10:02:34.000 [26665] DETAIL:  Process 42271 waits for ShareLock on transaction 529088; blocked by process 20758.
2025-06-15 10:02:38.000 [22839] HINT:  See server log for query details.
2025-06-15 10:02:39.000 [39952] CONTEXT:  while updating tuple (192,8) in relation "inventory"
2025-06-15 10:02:39.000 [59620] LOG:  connection authorized: user=app database=analytics_db
2025-06-15 10:02:43.000 [18075] ERROR:  invalid page in block 971638 of relation base/93000/98098
2025-06-15 10:02:46.000 [53152] CONTEXT:  automatic vacuum of table "mydb.public.orders"
2025-06-15 10:02:50.000 [18823] ERROR:  canceling statement due to lock timeout
2025-06-15 10:02:50.000 [44757] STATEMENT:  ALTER TABLE users ADD COLUMN IF NOT EXISTS new_col text
2025-06-15 10:02:54.000 [41649] LOG:  duration: 36.543 ms  statement: SELECT 1
2025-06-15 10:02:59.000 [47916] LOG:  automatic analyze of table "mydb.public.events"
2025-06-15 10:02:59.000 [35389] FATAL:  sorry, too many clients already (max_connections=100)
2025-06-15 10:03:02.000 [49911] LOG:  connection received: host=10.0.164.130 port=55209
2025-06-15 10:03:04.000 [36074] LOG:  automatic analyze of table "mydb.public.events"
2025-06-15 10:03:07.000 [62743] LOG:  automatic analyze of table "mydb.public.users"
2025-06-15 10:03:11.000 [55876] FATAL:  sorry, too many clients already (max_connections=200)
2025-06-15 10:03:16.000 [58288] LOG:  connection received: host=10.0.153.216 port=50572
2025-06-15 10:03:17.000 [23165] LOG:  automatic analyze of table "mydb.public.orders"
2025-06-15 10:03:22.000 [32629] WARNING:  replication lag is 178 seconds on standby server
2025-06-15 10:03:27.000 [52604] LOG:  standby "replica-3" is now 117 MB behind
2025-06-15 10:03:28.000 [43023] WARNING:  canceling statement due to conflict with recovery on standby
2025-06-15 10:03:30.000 [56553] FATAL:  password authentication failed for user "readonly"
2025-06-15 10:03:32.000 [46849] DETAIL:  Connection matched pg_hba.conf line 83: "host all all 10.0.0.0/8 md5"
2025-06-15 10:03:37.000 192 [Note] InnoDB: Error: unable to create temporary file in /tmp; errno: 13
2025-06-15 10:03:41.000 74 [Note] [ERROR] InnoDB: Cannot allocate 989 MB for the buffer pool
2025-06-15 10:03:45.000 [16977] LOG:  connection authorized: user=analytics database=mydb
2025-06-15 10:03:50.000 [13709] ERROR:  deadlock detected
2025-06-15 10:03:52.000 [59164] DETAIL:  Process 19524 waits for ShareLock on transaction 309612; blocked by process 13477.
2025-06-15 10:03:53.000 [28783] DETAIL:  Process 13477 waits for ShareLock on transaction 923690; blocked by process 19524.
2025-06-15 10:03:58.000 [26420] HINT:  See server log for query details.
2025-06-15 10:04:00.000 [23369] CONTEXT:  while updating tuple (149,4) in relation "users"
2025-06-15 10:04:03.000 [16716] LOG:  duration: 3.467 ms  statement: SELECT 1
2025-06-15 10:04:08.000 [58463] ERROR:  canceling statement due to lock timeout
2025-06-15 10:04:13.000 [52409] STATEMENT:  ALTER TABLE orders ADD COLUMN IF NOT EXISTS new_col text
2025-06-15 10:04:17.000 [61400] FATAL:  password authentication failed for user "app_user"
2025-06-15 10:04:22.000 [53548] DETAIL:  Connection matched pg_hba.conf line 89: "host all all 10.0.0.0/8 md5"
2025-06-15 10:04:25.000 [61649] ERROR:  deadlock detected
2025-06-15 10:04:27.000 [46184] DETAIL:  Process 35007 waits for ShareLock on transaction 818430; blocked by process 35398.
2025-06-15 10:04:27.000 [58737] DETAIL:  Process 35398 waits for ShareLock on transaction 156415; blocked by process 35007.
2025-06-15 10:04:29.000 [23309] HINT:  See server log for query details.
2025-06-15 10:04:30.000 [51535] CONTEXT:  while updating tuple (635,50) in relation "inventory"
2025-06-15 10:04:34.000 [45822] LOG:  duration: 42.476 ms  statement: SELECT 1
2025-06-15 10:04:39.000 [22681] LOG:  duration: 13.894 ms  statement: SELECT 1
2025-06-15 10:04:44.000 [43675] LOG:  duration: 28255.291 ms  statement: SELECT * FROM orders WHERE created_at > now() - interval '6 days'
2025-06-15 10:04:47.000 [28291] FATAL:  sorry, too many clients already (max_connections=100)
2025-06-15 10:04:51.000 [26712] LOG:  connection received: host=10.0.135.34 port=40546
2025-06-15 10:04:52.000 [12617] ERROR:  deadlock detected
2025-06-15 10:04:54.000 [49117] DETAIL:  Process 40561 waits for ShareLock on transaction 261169; blocked by process 56510.
2025-06-15 10:04:59.000 [50344] DETAIL:  Process 56510 waits for ShareLock on transaction 153325; blocked by process 40561.
2025-06-15 10:05:04.000 [29736] HINT:  See server log for query details.
2025-06-15 10:05:06.000 [14776] CONTEXT:  while updating tuple (502,37) in relation "users"
2025-06-15 10:05:07.000 [22050] LOG:  duration: 21.638 ms  statement: SELECT 1
2025-06-15 10:05:10.000 140 [Note] InnoDB: Error: unable to create temporary file in /tmp; errno: 28
2025-06-15 10:05:13.000 24 [Note] [ERROR] InnoDB: Cannot allocate 677 MB for the buffer pool
2025-06-15 10:05:18.000 [31750] PANIC:  could not write to file "pg_wal/ee4926e2f85a9e36": No space left on device
2025-06-15 10:05:20.000 [29239] LOG:  server process (PID 31696) was terminated by signal 6: Aborted
2025-06-15 10:05:21.000 [59326] LOG:  terminating any other active server processes
2025-06-15 10:05:24.000 [46787] ERROR:  canceling statement due to lock timeout
2025-06-15 10:05:24.000 [53839] STATEMENT:  ALTER TABLE orders ADD COLUMN IF NOT EXISTS new_col text
2025-06-15 10:05:29.000 [50219] PANIC:  could not write to file "pg_wal/3470873d7c148de7": No space left on device
2025-06-15 10:05:30.000 [12613] LOG:  server process (PID 50706) was terminated by signal 6: Aborted
2025-06-15 10:05:35.000 [31032] LOG:  terminating any other active server processes
2025-06-15 10:05:35.000 [35288] PANIC:  could not write to file "pg_wal/cc31d4cb4ab6eaf1": No space left on device
2025-06-15 10:05:39.000 [57446] LOG:  server process (PID 26815) was terminated by signal 6: Aborted
2025-06-15 10:05:41.000 [11619] LOG:  terminating any other active server processes
2025-06-15 10:05:45.000 [62613] LOG:  automatic analyze of table "mydb.public.users"
2025-06-15 10:05:45.000 76 [Note] InnoDB: Error: unable to create temporary file in /tmp; errno: 13
2025-06-15 10:05:46.000 83 [Note] [ERROR] InnoDB: Cannot allocate 795 MB for the buffer pool
2025-06-15 10:05:47.000 198 [Note] InnoDB: Error: unable to create temporary file in /tmp; errno: 28
2025-06-15 10:05:51.000 2 [Note] [ERROR] InnoDB: Cannot allocate 678 MB for the buffer pool
2025-06-15 10:05:52.000 [53931] ERROR:  canceling statement due to lock timeout
2025-06-15 10:05:57.000 [37800] STATEMENT:  ALTER TABLE orders ADD COLUMN IF NOT EXISTS new_col text
2025-06-15 10:06:02.000 [63526] LOG:  connection authorized: user=app database=analytics_db
2025-06-15 10:06:07.000 [20076] LOG:  automatic analyze of table "mydb.public.orders"
2025-06-15 10:06:07.000 [15735] ERROR:  deadlock detected
2025-06-15 10:06:07.000 [21664] DETAIL:  Process 56980 waits for ShareLock on transaction 176806; blocked by process 31739.
2025-06-15 10:06:09.000 [46574] DETAIL:  Process 31739 waits for ShareLock on transaction 932794; blocked by process 56980.
2025-06-15 10:06:09.000 [47680] HINT:  See server log for query details.
2025-06-15 10:06:12.000 [35430] CONTEXT:  while updating tuple (841,15) in relation "inventory"
2025-06-15 10:06:12.000 [35526] ERROR:  invalid page in block 424094 of relation base/66757/51471
2025-06-15 10:06:16.000 [10386] CONTEXT:  automatic vacuum of table "mydb.public.events"
2025-06-15 10:06:20.000 [14144] LOG:  checkpoint starting: time
2025-06-15 10:06:22.000 [42953] LOG:  checkpoint complete: wrote 43378 buffers (15%); 2 WAL file(s) added
2025-06-15 10:06:24.000 [61569] WARNING:  checkpoints are occurring too frequently (21 seconds apart)
2025-06-15 10:06:28.000 [15669] LOG:  checkpoint starting: time
2025-06-15 10:06:31.000 [63878] LOG:  checkpoint complete: wrote 23449 buffers (66%); 7 WAL file(s) added
2025-06-15 10:06:34.000 [20244] WARNING:  checkpoints are occurring too frequently (16 seconds apart)
2025-06-15 10:06:39.000 [35624] FATAL:  password authentication failed for user "app_user"
2025-06-15 10:06:41.000 [51552] DETAIL:  Connection matched pg_hba.conf line 97: "host all all 10.0.0.0/8 md5"
2025-06-15 10:06:46.000 [52463] FATAL:  sorry, too many clients already (max_connections=500)
2025-06-15 10:06:50.000 [46377] LOG:  connection received: host=10.0.191.246 port=30730
2025-06-15 10:06:50.000 [47533] FATAL:  sorry, too many clients already (max_connections=100)
2025-06-15 10:06:52.000 [23766] LOG:  connection received: host=10.0.201.138 port=35578
2025-06-15 10:06:53.000 [37043] LOG:  duration: 47.452 ms  statement: SELECT 1
2025-06-15 10:06:54.000 [20548] LOG:  automatic analyze of table "mydb.public.orders"
2025-06-15 10:06:55.000 [17511] WARNING:  replication lag is 159 seconds on standby server
2025-06-15 10:06:59.000 [13564] LOG:  standby "replica-1" is now 393 MB behind
2025-06-15 10:07:03.000 [40229] WARNING:  canceling statement due to conflict with recovery on standby
2025-06-15 10:07:03.000 [29048] LOG:  checkpoint starting: time
2025-06-15 10:07:03.000 [22937] LOG:  checkpoint complete: wrote 49019 buffers (18%); 5 WAL file(s) added
2025-06-15 10:07:06.000 [31682] WARNING:  checkpoints are occurring too frequently (52 seconds apart)
2025-06-15 10:07:07.000 [16556] PANIC:  could not write to file "pg_wal/b206daabcb13cda7": No space left on device
2025-06-15 10:07:11.000 [14574] LOG:  server process (PID 28686) was terminated by signal 6: Aborted
2025-06-15 10:07:12.000 [30826] LOG:  terminating any other active server processes
2025-06-15 10:07:16.000 169 [Note] InnoDB: Error: unable to create temporary file in /tmp; errno: 13
2025-06-15 10:07:21.000 150 [Note] [ERROR] InnoDB: Cannot allocate 441 MB for the buffer pool
2025-06-15 10:07:23.000 [62933] FATAL:  sorry, too many clients already (max_connections=500)
2025-06-15 10:07:24.000 [10316] LOG:  connection received: host=10.0.161.246 port=58069
2025-06-15 10:07:29.000 [38581] LOG:  duration: 107978.829 ms  statement: SELECT * FROM events WHERE created_at > now() - interval '24 days'
2025-06-15 10:07:31.000 [33559] WARNING:  terminating statement due to statement_timeout after 107978ms
2025-06-15 10:07:33.000 [41454] FATAL:  sorry, too many clients already (max_connections=500)
2025-06-15 10:07:35.000 [41914] LOG:  connection received: host=10.0.236.115 port=53510
2025-06-15 10:07:40.000 [49755] FATAL:  password authentication failed for user "app_user"
2025-06-15 10:07:42.000 [64161] DETAIL:  Connection matched pg_hba.conf line 82: "host all all 10.0.0.0/8 md5"
2025-06-15 10:07:43.000 [27251] FATAL:  sorry, too many clients already (max_connections=500)
2025-06-15 10:07:43.000 [43238] LOG:  connection received: host=10.0.39.187 port=34941
2025-06-15 10:07:47.000 [47938] LOG:  checkpoint starting: time
2025-06-15 10:07:47.000 [46149] LOG:  checkpoint complete: wrote 31550 buffers (85%); 4 WAL file(s) added
2025-06-15 10:07:51.000 [45368] WARNING:  checkpoints are occurring too frequently (31 seconds apart)
2025-06-15 10:07:53.000 101 [Note] InnoDB: Error: unable to create temporary file in /tmp; errno: 28
2025-06-15 10:07:57.000 188 [Note] [ERROR] InnoDB: Cannot allocate 356 MB for the buffer pool
2025-06-15 10:08:01.000 [43450] LOG:  connection authorized: user=app database=analytics_db
2025-06-15 10:08:01.000 [53429] ERROR:  deadlock detected
2025-06-15 10:08:05.000 [54837] DETAIL:  Process 33846 waits for ShareLock on transaction 350484; blocked by process 42910.
2025-06-15 10:08:09.000 [19199] DETAIL:  Process 42910 waits for ShareLock on transaction 273899; blocked by process 33846.
2025-06-15 10:08:12.000 [20434] HINT:  See server log for query details.
2025-06-15 10:08:17.000 [19581] CONTEXT:  while updating tuple (183,37) in relation "users"
2025-06-15 10:08:17.000 [24340] LOG:  duration: 31.467 ms  statement: SELECT 1
2025-06-15 10:08:19.000 [34211] LOG:  duration: 15.164 ms  statement: SELECT 1
2025-06-15 10:08:23.000 [61869] WARNING:  replication lag is 135 seconds on standby server
2025-06-15 10:08:26.000 [39795] LOG:  standby "replica-2" is now 248 MB behind
2025-06-15 10:08:26.000 [12615] WARNING:  canceling statement due to conflict with recovery on standby
2025-06-15 10:08:26.000 [56120] LOG:  automatic analyze of table "mydb.public.users"
2025-06-15 10:08:28.000 [64714] LOG:  automatic analyze of table "mydb.public.orders"
2025-06-15 10:08:32.000 [21393] LOG:  duration: 38.657 ms  statement: SELECT 1
2025-06-15 10:08:36.000 [52817] PANIC:  could not write to file "pg_wal/ff96e660e016845d": No space left on device
2025-06-15 10:08:36.000 [43860] LOG:  server process (PID 64753) was terminated by signal 6: Aborted
2025-06-15 10:08:38.000 [34663] LOG:  terminating any other active server processes
2025-06-15 10:08:42.000 [36597] LOG:  automatic analyze of table "mydb.public.events"
2025-06-15 10:08:45.000 [61947] PANIC:  could not write to file "pg_wal/3fdc22ded9095458": No space left on device
2025-06-15 10:08:49.000 [10432] LOG:  server process (PID 41595) was terminated by signal 6: Aborted
2025-06-15 10:08:53.000 [19107] LOG:  terminating any other active server processes
2025-06-15 10:08:58.000 [28403] ERROR:  invalid page in block 241162 of relation base/20104/77441
2025-06-15 10:08:59.000 [22249] CONTEXT:  automatic vacuum of table "mydb.public.events"
2025-06-15 10:09:04.000 [63539] FATAL:  sorry, too many clients already (max_connections=500)
2025-06-15 10:09:07.000 [63161] LOG:  connection received: host=10.0.60.170 port=45095
2025-06-15 10:09:12.000 [41379] PANIC:  could not write to file "pg_wal/d5c3031dd0ac447b": No space left on device
2025-06-15 10:09:13.000 [48718] LOG:  server process (PID 41393) was terminated by signal 6: Aborted
2025-06-15 10:09:14.000 [52418] LOG:  terminating any other active server processes
2025-06-15 10:09:14.000 [18381] LOG:  connection authorized: user=app database=mydb
2025-06-15 10:09:15.000 [51257] FATAL:  password authentication failed for user "app_user"
2025-06-15 10:09:15.000 [47504] DETAIL:  Connection matched pg_hba.conf line 96: "host all all 10.0.0.0/8 md5"
2025-06-15 10:09:17.000 [21798] FATAL:  sorry, too many clients already (max_connections=100)
2025-06-15 10:09:22.000 [57708] LOG:  connection received: host=10.0.207.154 port=31220
2025-06-15 10:09:24.000 [15619] LOG:  checkpoint starting: time
2025-06-15 10:09:27.000 [41566] LOG:  checkpoint complete: wrote 19194 buffers (67%); 10 WAL file(s) added
2025-06-15 10:09:28.000 [64418] WARNING:  checkpoints are occurring too frequently (25 seconds apart)
2025-06-15 10:09:32.000 [53230] ERROR:  invalid page in block 149644 of relation base/86368/33839
2025-06-15 10:09:33.000 [57460] CONTEXT:  automatic vacuum of table "mydb.public.orders"
2025-06-15 10:09:36.000 [49094] LOG:  checkpoint starting: time
2025-06-15 10:09:39.000 [35261] LOG:  checkpoint complete: wrote 43705 buffers (18%); 4 WAL file(s) added
2025-06-15 10:09:39.000 [11085] WARNING:  checkpoints are occurring too frequently (23 seconds apart)
2025-06-15 10:09:44.000 [37511] WARNING:  replication lag is 288 seconds on standby server
2025-06-15 10:09:44.000 [21627] LOG:  standby "replica-1" is now 360 MB behind
2025-06-15 10:09:47.000 [50288] WARNING:  canceling statement due to conflict with recovery on standby
2025-06-15 10:09:51.000 [42986] ERROR:  canceling statement due to lock timeout
2025-06-15 10:09:51.000 [41604] STATEMENT:  ALTER TABLE orders ADD COLUMN IF NOT EXISTS new_col text
2025-06-15 10:09:55.000 [45342] LOG:  checkpoint starting: time
2025-06-15 10:09:59.000 [37569] LOG:  checkpoint complete: wrote 5078 buffers (93%); 7 WAL file(s) added
2025-06-15 10:09:59.000 [55720] WARNING:  checkpoints are occurring too frequently (38 seconds apart)
2025-06-15 10:10:02.000 197 [Note] InnoDB: Error: unable to create temporary file in /tmp; errno: 28
2025-06-15 10:10:04.000 151 [Note] [ERROR] InnoDB: Cannot allocate 518 MB for the buffer pool
2025-06-15 10:10:05.000 [26680] LOG:  connection authorized: user=app database=analytics_db
2025-06-15 10:10:05.000 73 [Note] InnoDB: Error: unable to create temporary file in /tmp; errno: 28
2025-06-15 10:10:09.000 105 [Note] [ERROR] InnoDB: Cannot allocate 740 MB for the buffer pool
2025-06-15 10:10:09.000 [44063] LOG:  duration: 5716.691 ms  statement: SELECT * FROM orders WHERE created_at > now() - interval '17 days'
2025-06-15 10:10:14.000 [62709] ERROR:  deadlock detected
2025-06-15 10:10:17.000 [33741] DETAIL:  Process 52896 waits for ShareLock on transaction 431246; blocked by process 23462.
2025-06-15 10:10:18.000 [37923] DETAIL:  Process 23462 waits for ShareLock on transaction 211760; blocked by process 52896.
2025-06-15 10:10:23.000 [48362] HINT:  See server log for query details.
2025-06-15 10:10:26.000 [47006] CONTEXT:  while updating tuple (259,17) in relation "users"
2025-06-15 10:10:31.000 [36047] PANIC:  could not write to file "pg_wal/af228b469b84e6fd": No space left on device
2025-06-15 10:10:32.000 [37081] LOG:  server process (PID 59477) was terminated by signal 6: Aborted
2025-06-15 10:10:36.000 [61366] LOG:  terminating any other active server processes
2025-06-15 10:10:38.000 [46640] FATAL:  password authentication failed for user "app_user"
2025-06-15 10:10:41.000 [26631] DETAIL:  Connection matched pg_hba.conf line 97: "host all all 10.0.0.0/8 md5"
2025-06-15 10:10:43.000 [60737] LOG:  automatic analyze of table "mydb.public.orders"
2025-06-15 10:10:48.000 [17804] LOG:  duration: 48.241 ms  statement: SELECT 1
2025-06-15 10:10:53.000 [20603] LOG:  duration: 29.901 ms  statement: SELECT 1
2025-06-15 10:10:56.000 [61516] FATAL:  sorry, too many clients already (max_connections=500)
2025-06-15 10:10:57.000 [35500] LOG:  connection received: host=10.0.173.206 port=33411
2025-06-15 10:10:57.000 [63952] LOG:  automatic analyze of table "mydb.public.events"
2025-06-15 10:11:00.000 [15776] FATAL:  sorry, too many clients already (max_connections=500)
2025-06-15 10:11:02.000 [15245] LOG:  connection received: host=10.0.32.68 port=44533
2025-06-15 10:11:07.000 [35187] ERROR:  canceling statement due to lock timeout
2025-06-15 10:11:11.000 [53003] STATEMENT:  ALTER TABLE users ADD COLUMN IF NOT EXISTS new_col text
2025-06-15 10:11:12.000 164 [Note] InnoDB: Error: unable to create temporary file in /tmp; errno: 28
2025-06-15 10:11:15.000 3 [Note] [ERROR] InnoDB: Cannot allocate 634 MB for the buffer pool
2025-06-15 10:11:17.000 [22762] WARNING:  replication lag is 295 seconds on standby server
2025-06-15 10:11:21.000 [43459] LOG:  standby "replica-1" is now 451 MB behind
2025-06-15 10:11:25.000 [55773] WARNING:  canceling statement due to conflict with recovery on standby
2025-06-15 10:11:30.000 [12363] WARNING:  replication lag is 116 seconds on standby server
2025-06-15 10:11:35.000 [10018] LOG:  standby "replica-2" is now 172 MB behind
2025-06-15 10:11:36.000 [15691] WARNING:  canceling statement due to conflict with recovery on standby
2025-06-15 10:11:38.000 [53886] LOG:  automatic analyze of table "mydb.public.users"
2025-06-15 10:11:42.000 [11007] PANIC:  could not write to file "pg_wal/8e590996918a4733": No space left on device
2025-06-15 10:11:47.000 [14496] LOG:  server process (PID 58295) was terminated by signal 6: Aborted
2025-06-15 10:11:47.000 [46018] LOG:  terminating any other active server processes
2025-06-15 10:11:49.000 [63445] LOG:  duration: 113758.696 ms  statement: SELECT * FROM sessions WHERE created_at > now() - interval '12 days'
2025-06-15 10:11:51.000 [24830] WARNING:  terminating statement due to statement_timeout after 113758ms
2025-06-15 10:11:52.000 [39803] ERROR:  canceling statement due to lock timeout
2025-06-15 10:11:56.000 [10304] STATEMENT:  ALTER TABLE users ADD COLUMN IF NOT EXISTS new_col text
2025-06-15 10:11:56.000 [42975] LOG:  duration: 58363.209 ms  statement: SELECT * FROM sessions WHERE created_at > now() - interval '18 days'
2025-06-15 10:11:58.000 [32280] WARNING:  terminating statement due to statement_timeout after 58363ms
2025-06-15 10:12:00.000 [45252] LOG:  automatic analyze of table "mydb.public.orders"
2025-06-15 10:12:03.000 [46907] LOG:  connection authorized: user=analytics database=analytics_db
2025-06-15 10:12:05.000 199 [Note] InnoDB: Error: unable to create temporary file in /tmp; errno: 28
2025-06-15 10:12:10.000 118 [Note] [ERROR] InnoDB: Cannot allocate 597 MB for the buffer pool
2025-06-15 10:12:13.000 [17619] LOG:  automatic analyze of table "mydb.public.events"
2025-06-15 10:12:14.000 [62439] LOG:  duration: 55157.793 ms  statement: SELECT * FROM events WHERE created_at > now() - interval '23 days'
2025-06-15 10:12:16.000 [37028] WARNING:  terminating statement due to statement_timeout after 55157ms
2025-06-15 10:12:20.000 [10637] LOG:  automatic analyze of table "mydb.public.orders"
2025-06-15 10:12:22.000 [16095] LOG:  duration: 17.354 ms  statement: SELECT 1
2025-06-15 10:12:24.000 [14982] PANIC:  could not write to file "pg_wal/2c94b0bf72f331d2": No space left on device
2025-06-15 10:12:25.000 [41231] LOG:  server process (PID 46343) was terminated by signal 6: Aborted
2025-06-15 10:12:27.000 [33169] LOG:  terminating any other active server processes
2025-06-15 10:12:28.000 [58900] WARNING:  replication lag is 167 seconds on standby server
2025-06-15 10:12:31.000 [58307] LOG:  standby "replica-3" is now 147 MB behind
2025-06-15 10:12:32.000 [25391] WARNING:  canceling statement due to conflict with recovery on standby
2025-06-15 10:12:33.000 [23288] LOG:  duration: 17.311 ms  statement: SELECT 1
2025-06-15 10:12:33.000 [17856] LOG:  connection authorized: user=analytics database=mydb
2025-06-15 10:12:38.000 [42287] LOG:  automatic analyze of table "mydb.public.orders"
2025-06-15 10:12:42.000 [12769] ERROR:  canceling statement due to lock timeout
2025-06-15 10:12:44.000 [50676] STATEMENT:  ALTER TABLE users ADD COLUMN IF NOT EXISTS new_col text
2025-06-15 10:12:48.000 [28367] LOG:  duration: 80303.602 ms  statement: SELECT * FROM audit_log WHERE created_at > now() - interval '6 days'
2025-06-15 10:12:51.000 [24555] WARNING:  terminating statement due to statement_timeout after 80303ms
2025-06-15 10:12:55.000 [62380] LOG:  duration: 9.155 ms  statement: SELECT 1
2025-06-15 10:12:59.000 [32759] ERROR:  invalid page in block 985299 of relation base/80879/14268
2025-06-15 10:13:04.000 [60849] CONTEXT:  automatic vacuum of table "mydb.public.orders"
2025-06-15 10:13:09.000 [43961] FATAL:  sorry, too many clients already (max_connections=100)
2025-06-15 10:13:09.000 [54178] LOG:  connection received: host=10.0.235.81 port=30551
2025-06-15 10:13:11.000 [33697] WARNING:  replication lag is 81 seconds on standby server
2025-06-15 10:13:13.000 [22265] LOG:  standby "replica-3" is now 491 MB behind
2025-06-15 10:13:17.000 [27226] WARNING:  canceling statement due to conflict with recovery on standby
2025-06-15 10:13:21.000 [32485] WARNING:  replication lag is 271 seconds on standby server
2025-06-15 10:13:24.000 [37783] LOG:  standby "replica-2" is now 144 MB behind
2025-06-15 10:13:25.000 [37465] WARNING:  canceling statement due to conflict with recovery on standby
2025-06-15 10:13:28.000 [28325] LOG:  duration: 24.473 ms  statement: SELECT 1
2025-06-15 10:13:33.000 [24979] ERROR:  invalid page in block 599166 of relation base/27188/85483
2025-06-15 10:13:38.000 [27691] CONTEXT:  automatic vacuum of table "mydb.public.events"
2025-06-15 10:13:39.000 [19558] LOG:  connection authorized: user=analytics database=analytics_db
2025-06-15 10:13:39.000 [21574] LOG:  connection authorized: user=app database=analytics_db
2025-06-15 10:13:43.000 [57222] ERROR:  invalid page in block 141003 of relation base/92660/77765
2025-06-15 10:13:46.000 [29663] CONTEXT:  automatic vacuum of table "mydb.public.orders"
2025-06-15 10:13:46.000 [55255] LOG:  duration: 117525.148 ms  statement: SELECT * FROM sessions WHERE created_at > now() - interval '13 days'
2025-06-15 10:13:47.000 [13934] WARNING:  terminating statement due to statement_timeout after 117525ms
2025-06-15 10:13:50.000 [64982] WARNING:  replication lag is 160 seconds on standby server
2025-06-15 10:13:53.000 [58797] LOG:  standby "replica-3" is now 99 MB behind
2025-06-15 10:13:55.000 [27024] WARNING:  canceling statement due to conflict with recovery on standby
2025-06-15 10:13:57.000 [32553] PANIC:  could not write to file "pg_wal/8e19738f06c3b78e": No space left on device
2025-06-15 10:14:00.000 [17945] LOG:  server process (PID 11299) was terminated by signal 6: Aborted
2025-06-15 10:14:02.000 [54537] LOG:  terminating any other active server processes
2025-06-15 10:14:06.000 [47741] LOG:  automatic analyze of table "mydb.public.events"
2025-06-15 10:14:10.000 [21438] LOG:  checkpoint starting: time
2025-06-15 10:14:15.000 [43452] LOG:  checkpoint complete: wrote 23652 buffers (55%); 6 WAL file(s) added
2025-06-15 10:14:20.000 [39290] WARNING:  checkpoints are occurring too frequently (46 seconds apart)
2025-06-15 10:14:24.000 [28777] LOG:  automatic analyze of table "mydb.public.users"
2025-06-15 10:14:26.000 [37644] ERROR:  invalid page in block 151884 of relation base/31964/93962
2025-06-15 10:14:26.000 [15184] CONTEXT:  automatic vacuum of table "mydb.public.orders"
2025-06-15 10:14:28.000 [30766] FATAL:  sorry, too many clients already (max_connections=100)
2025-06-15 10:14:32.000 [52247] LOG:  connection received: host=10.0.149.182 port=47529
2025-06-15 10:14:34.000 [59014] PANIC:  could not write to file "pg_wal/2cc53fe342dce471": No space left on device
2025-06-15 10:14:38.000 [39510] LOG:  server process (PID 48464) was terminated by signal 6: Aborted
2025-06-15 10:14:41.000 [20965] LOG:  terminating any other active server processes
2025-06-15 10:14:42.000 [57695] WARNING:  replication lag is 41 seconds on standby server
2025-06-15 10:14:44.000 [58750] LOG:  standby "replica-1" is now 388 MB behind
2025-06-15 10:14:49.000 [59134] WARNING:  canceling statement due to conflict with recovery on standby
2025-06-15 10:14:49.000 [16262] ERROR:  deadlock detected
2025-06-15 10:14:52.000 [45942] DETAIL:  Process 20938 waits for ShareLock on transaction 166891; blocked by process 36020.
2025-06-15 10:14:52.000 [60523] DETAIL:  Process 36020 waits for ShareLock on transaction 156440; blocked by process 20938.
2025-06-15 10:14:55.000 [44339] HINT:  See server log for query details.
2025-06-15 10:14:57.000 [50507] CONTEXT:  while updating tuple (783,6) in relation "orders"
2025-06-15 10:15:00.000 [30274] FATAL:  sorry, too many clients already (max_connections=500)
2025-06-15 10:15:03.000 [51057] LOG:  connection received: host=10.0.117.64 port=48623
2025-06-15 10:15:04.000 [11872] FATAL:  sorry, too many clients already (max_connections=500)
2025-06-15 10:15:06.000 [41205] LOG:  connection received: host=10.0.17.170 port=53385
2025-06-15 10:15:10.000 [39153] ERROR:  invalid page in block 913203 of relation base/80855/45705
2025-06-15 10:15:15.000 [45342] CONTEXT:  automatic vacuum of table "mydb.public.events"
2025-06-15 10:15:18.000 [51356] FATAL:  sorry, too many clients already (max_connections=500)
2025-06-15 10:15:20.000 [32752] LOG:  connection received: host=10.0.222.135 port=64982
2025-06-15 10:15:20.000 114 [Note] InnoDB: Error: unable to create temporary file in /tmp; errno: 28
2025-06-15 10:15:22.000 106 [Note] [ERROR] InnoDB: Cannot allocate 443 MB for the buffer pool
2025-06-15 10:15:23.000 [32536] LOG:  duration: 44789.100 ms  statement: SELECT * FROM orders WHERE created_at > now() - interval '17 days'
2025-06-15 10:15:25.000 [40749] WARNING:  terminating statement due to statement_timeout after 44789ms
2025-06-15 10:15:28.000 [59510] FATAL:  password authentication failed for user "readonly"
2025-06-15 10:15:30.000 [10598] DETAIL:  Connection matched pg_hba.conf line 95: "host all all 10.0.0.0/8 md5"
2025-06-15 10:15:31.000 [62216] LOG:  duration: 19.711 ms  statement: SELECT 1
2025-06-15 10:15:34.000 [46736] ERROR:  deadlock detected
2025-06-15 10:15:37.000 [26377] DETAIL:  Process 34487 waits for ShareLock on transaction 558339; blocked by process 22358.
2025-06-15 10:15:42.000 [58307] DETAIL:  Process 22358 waits for ShareLock on transaction 271200; blocked by process 34487.
2025-06-15 10:15:47.000 [35540] HINT:  See server log for query details.
2025-06-15 10:15:49.000 [15191] CONTEXT:  while updating tuple (848,25) in relation "orders"
2025-06-15 10:15:54.000 [54868] ERROR:  invalid page in block 251198 of relation base/77713/90375
2025-06-15 10:15:56.000 [52497] CONTEXT:  automatic vacuum of table "mydb.public.orders"
2025-06-15 10:15:57.000 [14486] LOG:  duration: 18.522 ms  statement: SELECT 1
2025-06-15 10:15:57.000 [51739] WARNING:  replication lag is 178 seconds on standby server
2025-06-15 10:16:00.000 [27834] LOG:  standby "replica-2" is now 366 MB behind
2025-06-15 10:16:05.000 [50812] WARNING:  canceling statement due to conflict with recovery on standby
2025-06-15 10:16:05.000 39 [Note] InnoDB: Error: unable to create temporary file in /tmp; errno: 13
2025-06-15 10:16:09.000 6 [Note] [ERROR] InnoDB: Cannot allocate 178 MB for the buffer pool
2025-06-15 10:16:11.000 [27641] WARNING:  replication lag is 82 seconds on standby server
2025-06-15 10:16:14.000 [57651] LOG:  standby "replica-1" is now 416 MB behind
2025-06-15 10:16:14.000 [25257] WARNING:  canceling statement due to conflict with recovery on standby
2025-06-15 10:16:15.000 [32407] ERROR:  deadlock detected
2025-06-15 10:16:17.000 [61493] DETAIL:  Process 10965 waits for ShareLock on transaction 540656; blocked by process 42347.
2025-06-15 10:16:20.000 [34339] DETAIL:  Process 42347 waits for ShareLock on transaction 938297; blocked by process 10965.
2025-06-15 10:16:23.000 [55674] HINT:  See server log for query details.
2025-06-15 10:16:23.000 [59189] CONTEXT:  while updating tuple (810,3) in relation "inventory"
2025-06-15 10:16:25.000 [60833] LOG:  automatic analyze of table "mydb.public.events"
2025-06-15 10:16:26.000 [22595] PANIC:  could not write to file "pg_wal/b9a00e8b078a5b78": No space left on device
2025-06-15 10:16:29.000 [64280] LOG:  server process (PID 26389) was terminated by signal 6: Aborted
2025-06-15 10:16:29.000 [17992] LOG:  terminating any other active server processes
2025-06-15 10:16:30.000 [35218] LOG:  automatic analyze of table "mydb.public.orders"
2025-06-15 10:16:35.000 [12196] LOG:  duration: 29.353 ms  statement: SELECT 1
2025-06-15 10:16:39.000 [53647] WARNING:  replication lag is 78 seconds on standby server
2025-06-15 10:16:42.000 [54659] LOG:  standby "replica-1" is now 292 MB behind
2025-06-15 10:16:44.000 [31172] WARNING:  canceling statement due to conflict with recovery on standby
2025-06-15 10:16:44.000 [58806] FATAL:  sorry, too many clients already (max_connections=500)
2025-06-15 10:16:49.000 [29583] LOG:  connection received: host=10.0.62.65 port=61537
2025-06-15 10:16:54.000 [24272] WARNING:  replication lag is 56 seconds on standby server
2025-06-15 10:16:59.000 [38453] LOG:  standby "replica-1" is now 170 MB behind
2025-06-15 10:17:01.000 [10987] WARNING:  canceling statement due to conflict with recovery on standby
2025-06-15 10:17:05.000 [17841] FATAL:  sorry, too many clients already (max_connections=200)
2025-06-15 10:17:05.000 [12752] LOG:  connection received: host=10.0.202.203 port=45931
2025-06-15 10:17:10.000 [41147] ERROR:  canceling statement due to lock timeout
2025-06-15 10:17:12.000 [60514] STATEMENT:  ALTER TABLE orders ADD COLUMN IF NOT EXISTS new_col text
2025-06-15 10:17:12.000 [54954] ERROR:  deadlock detected
2025-06-15 10:17:14.000 [59778] DETAIL:  Process 20334 waits for ShareLock on transaction 748696; blocked by process 42762.
2025-06-15 10:17:14.000 [13917] DETAIL:  Process 42762 waits for ShareLock on transaction 755498; blocked by process 20334.
2025-06-15 10:17:16.000 [52242] HINT:  See server log for query details.
2025-06-15 10:17:16.000 [18246] CONTEXT:  while updating tuple (157,45) in relation "users"
2025-06-15 10:17:20.000 166 [Note] InnoDB: Error: unable to create temporary file in /tmp; errno: 13
2025-06-15 10:17:22.000 113 [Note] [ERROR] InnoDB: Cannot allocate 902 MB for the buffer pool
2025-06-15 10:17:25.000 [33472] LOG:  duration: 2.805 ms  statement: SELECT 1
2025-06-15 10:17:28.000 [56309] LOG:  duration: 17.140 ms  statement: SELECT 1
2025-06-15 10:17:29.000 [47139] ERROR:  invalid page in block 309030 of relation base/81137/74237
2025-06-15 10:17:33.000 [32784] CONTEXT:  automatic vacuum of table "mydb.public.events"
2025-06-15 10:17:37.000 [46341] LOG:  duration: 66393.988 ms  statement: SELECT * FROM audit_log WHERE created_at > now() - interval '27 days'
2025-06-15 10:17:38.000 [14513] WARNING:  terminating statement due to statement_timeout after 66393ms
2025-06-15 10:17:40.000 [63701] FATAL:  password authentication failed for user "analytics"
2025-06-15 10:17:44.000 [34059] DETAIL:  Connection matched pg_hba.conf line 88: "host all all 10.0.0.0/8 md5"
2025-06-15 10:17:47.000 [58080] ERROR:  invalid page in block 813608 of relation base/93627/76316
2025-06-15 10:17:47.000 [50614] CONTEXT:  automatic vacuum of table "mydb.public.events"
2025-06-15 10:17:52.000 [14151] LOG:  connection authorized: user=app database=analytics_db
2025-06-15 10:17:56.000 [63677] LOG:  checkpoint starting: time
2025-06-15 10:18:01.000 [42607] LOG:  checkpoint complete: wrote 30394 buffers (34%); 9 WAL file(s) added
2025-06-15 10:18:02.000 [50176] WARNING:  checkpoints are occurring too frequently (50 seconds apart)
2025-06-15 10:18:06.000 [53181] LOG:  duration: 58713.213 ms  statement: SELECT * FROM audit_log WHERE created_at > now() - interval '4 days'
2025-06-15 10:18:06.000 [12868] WARNING:  terminating statement due to statement_timeout after 58713ms
2025-06-15 10:18:06.000 [23243] LOG:  connection authorized: user=app database=mydb
2025-06-15 10:18:06.000 [12085] FATAL:  sorry, too many clients already (max_connections=100)
2025-06-15 10:18:10.000 [50892] LOG:  connection received: host=10.0.198.169 port=62106
2025-06-15 10:18:12.000 [24465] LOG:  duration: 17.150 ms  statement: SELECT 1
2025-06-15 10:18:12.000 [10857] ERROR:  canceling statement due to lock timeout
2025-06-15 10:18:17.000 [42204] STATEMENT:  ALTER TABLE orders ADD COLUMN IF NOT EXISTS new_col text
2025-06-15 10:18:20.000 [62495] LOG:  automatic analyze of table "mydb.public.events"
2025-06-15 10:18:22.000 [46570] LOG:  checkpoint starting: time
2025-06-15 10:18:26.000 [27420] LOG:  checkpoint complete: wrote 32259 buffers (57%); 1 WAL file(s) added
2025-06-15 10:18:26.000 [58123] WARNING:  checkpoints are occurring too frequently (48 seconds apart)
2025-06-15 10:18:27.000 [44044] ERROR:  deadlock detected
2025-06-15 10:18:27.000 [57524] DETAIL:  Process 29916 waits for ShareLock on transaction 201836; blocked by process 15107.
2025-06-15 10:18:31.000 [35253] DETAIL:  Process 15107 waits for ShareLock on transaction 342239; blocked by process 29916.
2025-06-15 10:18:32.000 [22656] HINT:  See server log for query details.
2025-06-15 10:18:36.000 [50981] CONTEXT:  while updating tuple (538,43) in relation "orders"
2025-06-15 10:18:41.000 [46578] LOG:  automatic analyze of table "mydb.public.orders"
2025-06-15 10:18:43.000 [54203] ERROR:  invalid page in block 110639 of relation base/93705/85571
2025-06-15 10:18:48.000 [53597] CONTEXT:  automatic vacuum of table "mydb.public.orders"
2025-06-15 10:18:52.000 [36316] ERROR:  invalid page in block 109159 of relation base/31864/33644
2025-06-15 10:18:57.000 [20366] CONTEXT:  automatic vacuum of table "mydb.public.orders"
2025-06-15 10:19:00.000 [33089] FATAL:  password authentication failed for user "readonly"
2025-06-15 10:19:04.000 [31276] DETAIL:  Connection matched pg_hba.conf line 90: "host all all 10.0.0.0/8 md5"
2025-06-15 10:19:09.000 [31197] LOG:  connection authorized: user=analytics database=analytics_db
2025-06-15 10:19:13.000 [45758] ERROR:  canceling statement due to lock timeout
2025-06-15 10:19:16.000 [60181] STATEMENT:  ALTER TABLE orders ADD COLUMN IF NOT EXISTS new_col text
2025-06-15 10:19:18.000 [33593] FATAL:  password authentication failed for user "readonly"
2025-06-15 10:19:21.000 [36023] DETAIL:  Connection matched pg_hba.conf line 94: "host all all 10.0.0.0/8 md5"
2025-06-15 10:19:25.000 [11068] ERROR:  deadlock detected
2025-06-15 10:19:26.000 [29781] DETAIL:  Process 12271 waits for ShareLock on transaction 642752; blocked by process 28643.
2025-06-15 10:19:28.000 [24541] DETAIL:  Process 28643 waits for ShareLock on transaction 106887; blocked by process 12271.
2025-06-15 10:19:29.000 [30637] HINT:  See server log for query details.
2025-06-15 10:19:31.000 [46284] CONTEXT:  while updating tuple (22,50) in relation "users"
2025-06-15 10:19:31.000 10 [Note] InnoDB: Error: unable to create temporary file in /tmp; errno: 28
2025-06-15 10:19:33.000 40 [Note] [ERROR] InnoDB: Cannot allocate 599 MB for the buffer pool
2025-06-15 10:19:37.000 [26374] FATAL:  sorry, too many clients already (max_connections=200)
2025-06-15 10:19:37.000 [47387] LOG:  connection received: host=10.0.119.66 port=49680
2025-06-15 10:19:42.000 [15059] PANIC:  could not write to file "pg_wal/5b4dfaea24f8a937": No space left on device
2025-06-15 10:19:44.000 [61963] LOG:  server process (PID 57420) was terminated by signal 6: Aborted
2025-06-15 10:19:47.000 [21331] LOG:  terminating any other active server processes
2025-06-15 10:19:51.000 165 [Note] InnoDB: Error: unable to create temporary file in /tmp; errno: 28
2025-06-15 10:19:51.000 188 [Note] [ERROR] InnoDB: Cannot allocate 435 MB for the buffer pool
2025-06-15 10:19:51.000 [60521] LOG:  connection authorized: user=analytics database=mydb
2025-06-15 10:19:54.000 [37297] PANIC:  could not write to file "pg_wal/ca143ae1db3230d1": No space left on device
2025-06-15 10:19:55.000 [58999] LOG:  server process (PID 17899) was terminated by signal 6: Aborted
2025-06-15 10:20:00.000 [49472] LOG:  terminating any other active server processes
2025-06-15 10:20:05.000 [35066] LOG:  automatic analyze of table "mydb.public.orders"
2025-06-15 10:20:07.000 [45384] ERROR:  deadlock detected
2025-06-15 10:20:08.000 [31419] DETAIL:  Process 44365 waits for ShareLock on transaction 692354; blocked by process 12698.
2025-06-15 10:20:13.000 [24470] DETAIL:  Process 12698 waits for ShareLock on transaction 626806; blocked by process 44365.
2025-06-15 10:20:14.000 [13310] HINT:  See server log for query details.
2025-06-15 10:20:17.000 [59338] CONTEXT:  while updating tuple (689,47) in relation "inventory"
2025-06-15 10:20:21.000 [15903] ERROR:  canceling statement due to lock timeout
2025-06-15 10:20:24.000 [28991] STATEMENT:  ALTER TABLE orders ADD COLUMN IF NOT EXISTS new_col text
